#
# There is insufficient memory for the Java Runtime Environment to continue.
# Native memory allocation (mmap) failed to map 134217728 bytes for Failed to commit area from 0x0000000081000000 to 0x0000000089000000 of length 134217728.
# Possible reasons:
#   The system is out of physical RAM or swap space
#   The process is running with CompressedOops enabled, and the Java Heap may be blocking the growth of the native heap
# Possible solutions:
#   Reduce memory load on the system
#   Increase physical memory or swap space
#   Check if swap backing store is full
#   Decrease Java heap size (-Xmx/-Xms)
#   Decrease number of Java threads
#   Decrease Java thread stack sizes (-Xss)
#   Set larger code cache with -XX:ReservedCodeCacheSize=
# This output file may be truncated or incomplete.
#
#  Out of Memory Error (t:/workspace/open/src/hotspot/os/windows/os_windows.cpp:3221), pid=12520, tid=11768
#
# JRE version:  (10.0+46) (build )
# Java VM: Java HotSpot(TM) 64-Bit Server VM (10+46, mixed mode, aot, tiered, compressed oops, g1 gc, windows-amd64)
# No core dump will be written. Minidumps are not enabled by default on client versions of Windows
#

---------------  S U M M A R Y ------------

Command Line: -Dfile.encoding=Cp1252 lab5bMyintW.Lab5bApp

Host: Intel(R) Core(TM) i7-4700MQ CPU @ 2.40GHz, 8 cores, 7G,  Windows 8.1 , 64 bit Build 9600 (6.3.9600.17415)
Time: Sun Apr 15 19:01:31 2018 Eastern Daylight Time elapsed time: 0 seconds (0d 0h 0m 0s)

---------------  T H R E A D  ---------------

Current thread (0x00000065a1d3a000):  JavaThread "Unknown thread" [_thread_in_vm, id=11768, stack(0x00000065a3460000,0x00000065a3560000)]

Stack: [0x00000065a3460000,0x00000065a3560000]
Native frames: (J=compiled Java code, j=interpreted, Vv=VM code, C=native code)
V  [jvm.dll+0x59fbf9]
V  [jvm.dll+0x6bca11]
V  [jvm.dll+0x6bdc06]
V  [jvm.dll+0x6be293]
V  [jvm.dll+0x234ba8]
V  [jvm.dll+0x59d4f4]
V  [jvm.dll+0x592345]
V  [jvm.dll+0x2f633b]
V  [jvm.dll+0x2f62a5]
V  [jvm.dll+0x2f6182]
V  [jvm.dll+0x2f8376]
V  [jvm.dll+0x3441f3]
V  [jvm.dll+0x344906]
V  [jvm.dll+0x3442f3]
V  [jvm.dll+0x2c4758]
V  [jvm.dll+0x2c58a1]
V  [jvm.dll+0x69ce1b]
V  [jvm.dll+0x69e63c]
V  [jvm.dll+0x351909]
V  [jvm.dll+0x685282]
V  [jvm.dll+0x3ba143]
V  [jvm.dll+0x3bc321]
C  [javaw.exe+0x3541]
C  [javaw.exe+0xe1cf]
C  [javaw.exe+0xe376]
C  [KERNEL32.DLL+0x13d2]
C  [ntdll.dll+0x154f4]


---------------  P R O C E S S  ---------------

Threads class SMR info:
_java_thread_list=0x00000065a1c59d20, length=0, elements={
}

Java Threads: ( => current thread )

Other Threads:
  0x00000065a3583800 GCTaskThread "GC Thread#0" [stack: 0x00000065b9f30000,0x00000065ba030000] [id=4408]
  0x00000065a3586000 GCTaskThread "GC Thread#1" [stack: 0x00000065ba030000,0x00000065ba130000] [id=12136]
  0x00000065a3587800 GCTaskThread "GC Thread#2" [stack: 0x00000065ba130000,0x00000065ba230000] [id=10604]
  0x00000065a3589000 GCTaskThread "GC Thread#3" [stack: 0x00000065ba230000,0x00000065ba330000] [id=10888]
  0x00000065a3595800 GCTaskThread "GC Thread#4" [stack: 0x00000065ba330000,0x00000065ba430000] [id=12980]
  0x00000065a359a000 GCTaskThread "GC Thread#5" [stack: 0x00000065ba430000,0x00000065ba530000] [id=12256]
  0x00000065a3598000 GCTaskThread "GC Thread#6" [stack: 0x00000065ba530000,0x00000065ba630000] [id=3456]
  0x00000065a3598800 GCTaskThread "GC Thread#7" [stack: 0x00000065ba630000,0x00000065ba730000] [id=10060]
  0x00000065a360f000 ConcurrentGCThread "G1 Main Marker" [stack: 0x00000065bfbd0000,0x00000065bfcd0000] [id=13140]
  0x00000065a359a800 ConcurrentGCThread "G1 Conc#0" [stack: 0x00000065bfcd0000,0x00000065bfdd0000] [id=9816]
  0x00000065a3599000 ConcurrentGCThread "G1 Conc#1" [stack: 0x00000065bfdd0000,0x00000065bfed0000] [id=10320]

[error occurred during error reporting (printing all threads), id 0xe0000002]

VM state:not at safepoint (not fully initialized)

VM Mutex/Monitor currently owned by a thread:  ([mutex/lock_event])
[0x00000065a1d38150] Heap_lock - owner thread: 0x00000065a1d3a000

Heap address: 0x0000000081000000, size: 2032 MB, Compressed Oops mode: Non-zero based: 0x0000000081000000
Narrow klass base: 0x0000000000000000, Narrow klass shift: 0

GC Heap History (0 events):
No events

Deoptimization events (0 events):
No events

Classes redefined (0 events):
No events

Internal exceptions (0 events):
No events

Events (0 events):
No events


Dynamic libraries:
0x00007ff790490000 - 0x00007ff7904ce000 	C:\Program Files\Java\jre-10\bin\javaw.exe
0x00007ff938d60000 - 0x00007ff938f0d000 	C:\WINDOWS\SYSTEM32\ntdll.dll
0x00007ff936cb0000 - 0x00007ff936dee000 	C:\WINDOWS\system32\KERNEL32.DLL
0x00007ff935fb0000 - 0x00007ff9360c5000 	C:\WINDOWS\system32\KERNELBASE.dll
0x00007ff936460000 - 0x00007ff93650a000 	C:\WINDOWS\system32\ADVAPI32.dll
0x00007ff938980000 - 0x00007ff938af7000 	C:\WINDOWS\system32\USER32.dll
0x00007ff9339c0000 - 0x00007ff933c3b000 	C:\WINDOWS\WinSxS\amd64_microsoft.windows.common-controls_6595b64144ccf1df_6.0.9600.18006_none_623f33d3ecbe86e8\COMCTL32.dll
0x00007ff933790000 - 0x00007ff93379a000 	C:\WINDOWS\SYSTEM32\VERSION.dll
0x00007ff938550000 - 0x00007ff9385fa000 	C:\WINDOWS\system32\msvcrt.dll
0x00007ff936400000 - 0x00007ff936459000 	C:\WINDOWS\SYSTEM32\sechost.dll
0x00007ff936670000 - 0x00007ff9367b0000 	C:\WINDOWS\system32\RPCRT4.dll
0x00007ff936b00000 - 0x00007ff936c4b000 	C:\WINDOWS\system32\GDI32.dll
0x00007ff936180000 - 0x00007ff9361ae000 	C:\WINDOWS\system32\SspiCli.dll
0x00007ff936510000 - 0x00007ff936546000 	C:\WINDOWS\system32\IMM32.DLL
0x00007ff938390000 - 0x00007ff9384e1000 	C:\WINDOWS\system32\MSCTF.dll
0x00007ff8fea30000 - 0x00007ff8feb1f000 	C:\Program Files\Java\jre-10\bin\msvcr120.dll
0x00007ff90da20000 - 0x00007ff90dac6000 	C:\Program Files\Java\jre-10\bin\msvcp120.dll
0x0000000069f00000 - 0x000000006a96f000 	C:\Program Files\Java\jre-10\bin\server\jvm.dll
0x00007ff929710000 - 0x00007ff929719000 	C:\WINDOWS\SYSTEM32\WSOCK32.dll
0x00007ff933760000 - 0x00007ff933782000 	C:\WINDOWS\SYSTEM32\WINMM.dll
0x00007ff938b00000 - 0x00007ff938b07000 	C:\WINDOWS\system32\PSAPI.DLL
0x00007ff936c50000 - 0x00007ff936caa000 	C:\WINDOWS\system32\WS2_32.dll
0x00007ff933540000 - 0x00007ff93356a000 	C:\WINDOWS\SYSTEM32\WINMMBASE.dll
0x00007ff938b30000 - 0x00007ff938b39000 	C:\WINDOWS\system32\NSI.dll
0x00007ff935f60000 - 0x00007ff935faf000 	C:\WINDOWS\SYSTEM32\cfgmgr32.dll
0x00007ff934b00000 - 0x00007ff934b28000 	C:\WINDOWS\SYSTEM32\DEVOBJ.dll
0x00007ff928b90000 - 0x00007ff928b9f000 	C:\Program Files\Java\jre-10\bin\verify.dll
0x00007ff92e140000 - 0x00007ff92e2c9000 	C:\WINDOWS\SYSTEM32\DBGHELP.DLL
0x00007ff90eba0000 - 0x00007ff90ebc7000 	C:\Program Files\Java\jre-10\bin\java.dll
0x00007ff927530000 - 0x00007ff927546000 	C:\Program Files\Java\jre-10\bin\zip.dll
0x00007ff9272c0000 - 0x00007ff9272ca000 	C:\Program Files\Java\jre-10\bin\jimage.dll

dbghelp: loaded successfully - version: 4.0.5 - missing functions: none
symbol engine: initialized successfully - sym options: 0x614 - pdb path: .;C:\Program Files\Java\jre-10\bin;C:\WINDOWS\SYSTEM32;C:\WINDOWS\WinSxS\amd64_microsoft.windows.common-controls_6595b64144ccf1df_6.0.9600.18006_none_623f33d3ecbe86e8;C:\Program Files\Java\jre-10\bin\server

VM Arguments:
jvm_args: -Dfile.encoding=Cp1252 
java_command: lab5bMyintW.Lab5bApp
java_class_path (initial): C:\Users\Harry\Desktop\CSCI-212-master\Lab5b.MyintWin\bin;C:\Users\Harry\Documents\GitHub\CSCI-212\Jar File\cs212lib.jar;C:\Users\Harry\Documents\GitHub\CSCI-212\Jar File\jsoup-1.11.2.jar;C:\Users\Harry\Documents\GitHub\CSCI-212\Jar File\jsoup-1.11.2-javadoc.jar;C:\Users\Harry\Documents\GitHub\CSCI-212\Jar File\jsoup-1.11.2-sources.jar
Launcher Type: SUN_STANDARD

Logging:
Log output configuration:
#0: stdout all=warning uptime,level,tags
#1: stderr all=off uptime,level,tags

Environment Variables:
PATH=C:\ProgramData\Oracle\Java\javapath;C:\Program Files (x86)\Intel\iCLS Client\;C:\Program Files\Intel\iCLS Client\;C:\WINDOWS\system32;C:\WINDOWS;C:\WINDOWS\System32\Wbem;C:\WINDOWS\System32\WindowsPowerShell\v1.0\;C:\Program Files (x86)\Windows Live\Shared;C:\Program Files\Intel\Intel(R) Management Engine Components\DAL;C:\Program Files\Intel\Intel(R) Management Engine Components\IPT;C:\Program Files (x86)\Intel\Intel(R) Management Engine Components\DAL;C:\Program Files (x86)\Intel\Intel(R) Management Engine Components\IPT;C:\Program Files\Hewlett-Packard\SimplePass\;C:\ProgramData\ComposerSetup\bin;C:\Program Files\Git\cmd;C:\xampp\php;C:\Program Files (x86)\WinSCP\;C:\Program Files (x86)\NVIDIA Corporation\PhysX\Common;C:\Users\Harry\AppData\Roaming\Composer\vendor\bin;C:\Users\Harry\AppData\Local\GitHubDesktop\bin
USERNAME=Harry
OS=Windows_NT
PROCESSOR_IDENTIFIER=Intel64 Family 6 Model 60 Stepping 3, GenuineIntel



---------------  S Y S T E M  ---------------

OS: Windows 8.1 , 64 bit Build 9600 (6.3.9600.17415)

CPU:total 8 (initial active 8) (4 cores per cpu, 2 threads per core) family 6 model 60 stepping 3, cmov, cx8, fxsr, mmx, sse, sse2, sse3, ssse3, sse4.1, sse4.2, popcnt, avx, avx2, aes, clmul, erms, lzcnt, ht, tsc, tscinvbit, bmi1, bmi2, fma

Memory: 4k page, physical 8319000k(1528080k free), swap 11464728k(38328k free)

vm_info: Java HotSpot(TM) 64-Bit Server VM (10+46) for windows-amd64 JRE (10+46), built on Mar  8 2018 02:11:18 by "mach5one" with MS VC++ 12.0 (VS2013)

END.
